Determining if the function sgemm_ exists failed with the following output:
Change Dir: /home/SENSETIME/yangfan5/code/1-2/learn-ceres/build/CMakeFiles/CMakeTmp

Run Build Command(s):/usr/bin/make -f Makefile cmTC_07752/fast && /usr/bin/make  -f CMakeFiles/cmTC_07752.dir/build.make CMakeFiles/cmTC_07752.dir/build
make[1]: 进入目录“/home/SENSETIME/yangfan5/code/1-2/learn-ceres/build/CMakeFiles/CMakeTmp”
Building C object CMakeFiles/cmTC_07752.dir/CheckFunctionExists.c.o
/usr/bin/cc   -DCHECK_FUNCTION_EXISTS=sgemm_ -o CMakeFiles/cmTC_07752.dir/CheckFunctionExists.c.o -c /usr/local/share/cmake-3.22/Modules/CheckFunctionExists.c
Linking C executable cmTC_07752
/usr/local/bin/cmake -E cmake_link_script CMakeFiles/cmTC_07752.dir/link.txt --verbose=1
/usr/bin/cc  -DCHECK_FUNCTION_EXISTS=sgemm_ -rdynamic CMakeFiles/cmTC_07752.dir/CheckFunctionExists.c.o -o cmTC_07752 
CMakeFiles/cmTC_07752.dir/CheckFunctionExists.c.o：在函数‘main’中：
CheckFunctionExists.c:(.text+0x10)：对‘sgemm_’未定义的引用
collect2: error: ld returned 1 exit status
CMakeFiles/cmTC_07752.dir/build.make:98: recipe for target 'cmTC_07752' failed
make[1]: *** [cmTC_07752] Error 1
make[1]: 离开目录“/home/SENSETIME/yangfan5/code/1-2/learn-ceres/build/CMakeFiles/CMakeTmp”
Makefile:127: recipe for target 'cmTC_07752/fast' failed
make: *** [cmTC_07752/fast] Error 2



Performing C SOURCE FILE Test CMAKE_HAVE_LIBC_PTHREAD failed with the following output:
Change Dir: /home/SENSETIME/yangfan5/code/1-2/learn-ceres/build/CMakeFiles/CMakeTmp

Run Build Command(s):/usr/bin/make -f Makefile cmTC_766f5/fast && /usr/bin/make  -f CMakeFiles/cmTC_766f5.dir/build.make CMakeFiles/cmTC_766f5.dir/build
make[1]: 进入目录“/home/SENSETIME/yangfan5/code/1-2/learn-ceres/build/CMakeFiles/CMakeTmp”
Building C object CMakeFiles/cmTC_766f5.dir/src.c.o
/usr/bin/cc -DCMAKE_HAVE_LIBC_PTHREAD   -o CMakeFiles/cmTC_766f5.dir/src.c.o -c /home/SENSETIME/yangfan5/code/1-2/learn-ceres/build/CMakeFiles/CMakeTmp/src.c
Linking C executable cmTC_766f5
/usr/local/bin/cmake -E cmake_link_script CMakeFiles/cmTC_766f5.dir/link.txt --verbose=1
/usr/bin/cc -rdynamic CMakeFiles/cmTC_766f5.dir/src.c.o -o cmTC_766f5 
CMakeFiles/cmTC_766f5.dir/src.c.o：在函数‘main’中：
src.c:(.text+0x3e)：对‘pthread_create’未定义的引用
src.c:(.text+0x4a)：对‘pthread_detach’未定义的引用
src.c:(.text+0x56)：对‘pthread_cancel’未定义的引用
src.c:(.text+0x67)：对‘pthread_join’未定义的引用
src.c:(.text+0x7b)：对‘pthread_atfork’未定义的引用
collect2: error: ld returned 1 exit status
CMakeFiles/cmTC_766f5.dir/build.make:98: recipe for target 'cmTC_766f5' failed
make[1]: *** [cmTC_766f5] Error 1
make[1]: 离开目录“/home/SENSETIME/yangfan5/code/1-2/learn-ceres/build/CMakeFiles/CMakeTmp”
Makefile:127: recipe for target 'cmTC_766f5/fast' failed
make: *** [cmTC_766f5/fast] Error 2


Source file was:
#include <pthread.h>

static void* test_func(void* data)
{
  return data;
}

int main(void)
{
  pthread_t thread;
  pthread_create(&thread, NULL, test_func, NULL);
  pthread_detach(thread);
  pthread_cancel(thread);
  pthread_join(thread, NULL);
  pthread_atfork(NULL, NULL, NULL);
  pthread_exit(NULL);

  return 0;
}

Determining if the function pthread_create exists in the pthreads failed with the following output:
Change Dir: /home/SENSETIME/yangfan5/code/1-2/learn-ceres/build/CMakeFiles/CMakeTmp

Run Build Command(s):/usr/bin/make -f Makefile cmTC_0117b/fast && /usr/bin/make  -f CMakeFiles/cmTC_0117b.dir/build.make CMakeFiles/cmTC_0117b.dir/build
make[1]: 进入目录“/home/SENSETIME/yangfan5/code/1-2/learn-ceres/build/CMakeFiles/CMakeTmp”
Building C object CMakeFiles/cmTC_0117b.dir/CheckFunctionExists.c.o
/usr/bin/cc   -DCHECK_FUNCTION_EXISTS=pthread_create -o CMakeFiles/cmTC_0117b.dir/CheckFunctionExists.c.o -c /usr/local/share/cmake-3.22/Modules/CheckFunctionExists.c
Linking C executable cmTC_0117b
/usr/local/bin/cmake -E cmake_link_script CMakeFiles/cmTC_0117b.dir/link.txt --verbose=1
/usr/bin/cc  -DCHECK_FUNCTION_EXISTS=pthread_create -rdynamic CMakeFiles/cmTC_0117b.dir/CheckFunctionExists.c.o -o cmTC_0117b  -lpthreads 
/usr/bin/ld: 找不到 -lpthreads
collect2: error: ld returned 1 exit status
CMakeFiles/cmTC_0117b.dir/build.make:98: recipe for target 'cmTC_0117b' failed
make[1]: *** [cmTC_0117b] Error 1
make[1]: 离开目录“/home/SENSETIME/yangfan5/code/1-2/learn-ceres/build/CMakeFiles/CMakeTmp”
Makefile:127: recipe for target 'cmTC_0117b/fast' failed
make: *** [cmTC_0117b/fast] Error 2



Determining if the function cheev_ exists failed with the following output:
Change Dir: /home/SENSETIME/yangfan5/code/1-2/learn-ceres/build/CMakeFiles/CMakeTmp

Run Build Command(s):/usr/bin/make -f Makefile cmTC_3a658/fast && /usr/bin/make  -f CMakeFiles/cmTC_3a658.dir/build.make CMakeFiles/cmTC_3a658.dir/build
make[1]: 进入目录“/home/SENSETIME/yangfan5/code/1-2/learn-ceres/build/CMakeFiles/CMakeTmp”
Building C object CMakeFiles/cmTC_3a658.dir/CheckFunctionExists.c.o
/usr/bin/cc   -DCHECK_FUNCTION_EXISTS=cheev_ -o CMakeFiles/cmTC_3a658.dir/CheckFunctionExists.c.o -c /usr/local/share/cmake-3.22/Modules/CheckFunctionExists.c
Linking C executable cmTC_3a658
/usr/local/bin/cmake -E cmake_link_script CMakeFiles/cmTC_3a658.dir/link.txt --verbose=1
/usr/bin/cc  -DCHECK_FUNCTION_EXISTS=cheev_ -rdynamic CMakeFiles/cmTC_3a658.dir/CheckFunctionExists.c.o -o cmTC_3a658  /usr/lib/x86_64-linux-gnu/libblas.so /usr/lib/x86_64-linux-gnu/libf77blas.so /usr/lib/x86_64-linux-gnu/libatlas.so -lpthread -lm -ldl 
CMakeFiles/cmTC_3a658.dir/CheckFunctionExists.c.o：在函数‘main’中：
CheckFunctionExists.c:(.text+0x10)：对‘cheev_’未定义的引用
collect2: error: ld returned 1 exit status
CMakeFiles/cmTC_3a658.dir/build.make:101: recipe for target 'cmTC_3a658' failed
make[1]: *** [cmTC_3a658] Error 1
make[1]: 离开目录“/home/SENSETIME/yangfan5/code/1-2/learn-ceres/build/CMakeFiles/CMakeTmp”
Makefile:127: recipe for target 'cmTC_3a658/fast' failed
make: *** [cmTC_3a658/fast] Error 2



Determining if the function cheev_ exists failed with the following output:
Change Dir: /home/SENSETIME/yangfan5/code/1-2/learn-ceres/build/CMakeFiles/CMakeTmp

Run Build Command(s):/usr/bin/make -f Makefile cmTC_fa44c/fast && /usr/bin/make  -f CMakeFiles/cmTC_fa44c.dir/build.make CMakeFiles/cmTC_fa44c.dir/build
make[1]: 进入目录“/home/SENSETIME/yangfan5/code/1-2/learn-ceres/build/CMakeFiles/CMakeTmp”
Building C object CMakeFiles/cmTC_fa44c.dir/CheckFunctionExists.c.o
/usr/bin/cc   -DCHECK_FUNCTION_EXISTS=cheev_ -o CMakeFiles/cmTC_fa44c.dir/CheckFunctionExists.c.o -c /usr/local/share/cmake-3.22/Modules/CheckFunctionExists.c
Linking C executable cmTC_fa44c
/usr/local/bin/cmake -E cmake_link_script CMakeFiles/cmTC_fa44c.dir/link.txt --verbose=1
/usr/bin/cc  -DCHECK_FUNCTION_EXISTS=cheev_ -rdynamic CMakeFiles/cmTC_fa44c.dir/CheckFunctionExists.c.o -o cmTC_fa44c  /usr/lib/x86_64-linux-gnu/liblapack.so /usr/lib/x86_64-linux-gnu/libblas.so /usr/lib/x86_64-linux-gnu/libf77blas.so /usr/lib/x86_64-linux-gnu/libatlas.so -fortranlibs 
cc: error: unrecognized command line option ‘-fortranlibs’; did you mean ‘-fltrans’?
CMakeFiles/cmTC_fa44c.dir/build.make:102: recipe for target 'cmTC_fa44c' failed
make[1]: *** [cmTC_fa44c] Error 1
make[1]: 离开目录“/home/SENSETIME/yangfan5/code/1-2/learn-ceres/build/CMakeFiles/CMakeTmp”
Makefile:127: recipe for target 'cmTC_fa44c/fast' failed
make: *** [cmTC_fa44c/fast] Error 2



